# JRE version: Java(TM) SE Runtime Environment (8.0_151-b12) (build 1.8.0_151-b12)
# Java VM: Java HotSpot(TM) 64-Bit Server VM (25.151-b12 mixed mode windows-amd64 compressed oops)
Heap:
 PSYoungGen      total 58368K, used 40464K [0x00000000fab00000, 0x0000000100000000, 0x0000000100000000)
  eden space 32768K, 66% used [0x00000000fab00000,0x00000000fc032870,0x00000000fcb00000)
  from space 25600K, 73% used [0x00000000fe700000,0x00000000ff951908,0x0000000100000000)
  to   space 27136K, 0% used [0x00000000fcb00000,0x00000000fcb00000,0x00000000fe580000)
 ParOldGen       total 121856K, used 54949K [0x00000000f0000000, 0x00000000f7700000, 0x00000000fab00000)
  object space 121856K, 45% used [0x00000000f0000000,0x00000000f35a97a0,0x00000000f7700000)
 Metaspace       used 54074K, capacity 54561K, committed 55424K, reserved 1097728K
  class space    used 6795K, capacity 6914K, committed 7040K, reserved 1048576K
GC Heap History (10 events):
Event: 1851.473 GC heap before
{Heap before GC invocations=133 (full 7):
 PSYoungGen      total 55808K, used 53846K [0x00000000fab00000, 0x0000000100000000, 0x0000000100000000)
  eden space 39936K, 95% used [0x00000000fab00000,0x00000000fd05c940,0x00000000fd200000)
  from space 15872K, 98% used [0x00000000fd200000,0x00000000fe139080,0x00000000fe180000)
  to   space 24064K, 0% used [0x00000000fe880000,0x00000000fe880000,0x0000000100000000)
 ParOldGen       total 121856K, used 54581K [0x00000000f0000000, 0x00000000f7700000, 0x00000000fab00000)
  object space 121856K, 44% used [0x00000000f0000000,0x00000000f354d4f8,0x00000000f7700000)
 Metaspace       used 54074K, capacity 54561K, committed 55424K, reserved 1097728K
  class space    used 6795K, capacity 6914K, committed 7040K, reserved 1048576K
Event: 1851.476 GC heap after
Heap after GC invocations=133 (full 7):
 PSYoungGen      total 62976K, used 4198K [0x00000000fab00000, 0x0000000100000000, 0x0000000100000000)
  eden space 38912K, 0% used [0x00000000fab00000,0x00000000fab00000,0x00000000fd100000)
  from space 24064K, 17% used [0x00000000fe880000,0x00000000fec99bb0,0x0000000100000000)
  to   space 24064K, 0% used [0x00000000fd100000,0x00000000fd100000,0x00000000fe880000)
 ParOldGen       total 121856K, used 54589K [0x00000000f0000000, 0x00000000f7700000, 0x00000000fab00000)
  object space 121856K, 44% used [0x00000000f0000000,0x00000000f354f4f8,0x00000000f7700000)
 Metaspace       used 54074K, capacity 54561K, committed 55424K, reserved 1097728K
  class space    used 6795K, capacity 6914K, committed 7040K, reserved 1048576K
}
Event: 1851.493 GC heap before
{Heap before GC invocations=134 (full 7):
 PSYoungGen      total 62976K, used 43110K [0x00000000fab00000, 0x0000000100000000, 0x0000000100000000)
  eden space 38912K, 100% used [0x00000000fab00000,0x00000000fd100000,0x00000000fd100000)
  from space 24064K, 17% used [0x00000000fe880000,0x00000000fec99bb0,0x0000000100000000)
  to   space 24064K, 0% used [0x00000000fd100000,0x00000000fd100000,0x00000000fe880000)
 ParOldGen       total 121856K, used 54589K [0x00000000f0000000, 0x00000000f7700000, 0x00000000fab00000)
  object space 121856K, 44% used [0x00000000f0000000,0x00000000f354f4f8,0x00000000f7700000)
 Metaspace       used 54074K, capacity 54561K, committed 55424K, reserved 1097728K
  class space    used 6795K, capacity 6914K, committed 7040K, reserved 1048576K
Event: 1851.500 GC heap after
Heap after GC invocations=134 (full 7):
 PSYoungGen      total 54784K, used 15716K [0x00000000fab00000, 0x0000000100000000, 0x0000000100000000)
  eden space 38912K, 0% used [0x00000000fab00000,0x00000000fab00000,0x00000000fd100000)
  from space 15872K, 99% used [0x00000000fd100000,0x00000000fe059080,0x00000000fe080000)
  to   space 24576K, 0% used [0x00000000fe800000,0x00000000fe800000,0x0000000100000000)
 ParOldGen       total 121856K, used 54597K [0x00000000f0000000, 0x00000000f7700000, 0x00000000fab00000)
  object space 121856K, 44% used [0x00000000f0000000,0x00000000f35514f8,0x00000000f7700000)
 Metaspace       used 54074K, capacity 54561K, committed 55424K, reserved 1097728K
  class space    used 6795K, capacity 6914K, committed 7040K, reserved 1048576K
}
Event: 1851.517 GC heap before
{Heap before GC invocations=135 (full 7):
 PSYoungGen      total 54784K, used 54628K [0x00000000fab00000, 0x0000000100000000, 0x0000000100000000)
  eden space 38912K, 100% used [0x00000000fab00000,0x00000000fd100000,0x00000000fd100000)
  from space 15872K, 99% used [0x00000000fd100000,0x00000000fe059080,0x00000000fe080000)
  to   space 24576K, 0% used [0x00000000fe800000,0x00000000fe800000,0x0000000100000000)
 ParOldGen       total 121856K, used 54597K [0x00000000f0000000, 0x00000000f7700000, 0x00000000fab00000)
  object space 121856K, 44% used [0x00000000f0000000,0x00000000f35514f8,0x00000000f7700000)
 Metaspace       used 54074K, capacity 54561K, committed 55424K, reserved 1097728K
  class space    used 6795K, capacity 6914K, committed 7040K, reserved 1048576K
Event: 1851.525 GC heap after
Heap after GC invocations=135 (full 7):
 PSYoungGen      total 62464K, used 15620K [0x00000000fab00000, 0x0000000100000000, 0x0000000100000000)
  eden space 37888K, 0% used [0x00000000fab00000,0x00000000fab00000,0x00000000fd000000)
  from space 24576K, 63% used [0x00000000fe800000,0x00000000ff741080,0x0000000100000000)
  to   space 24576K, 0% used [0x00000000fd000000,0x00000000fd000000,0x00000000fe800000)
 ParOldGen       total 121856K, used 54669K [0x00000000f0000000, 0x00000000f7700000, 0x00000000fab00000)
  object space 121856K, 44% used [0x00000000f0000000,0x00000000f35634f8,0x00000000f7700000)
 Metaspace       used 54074K, capacity 54561K, committed 55424K, reserved 1097728K
  class space    used 6795K, capacity 6914K, committed 7040K, reserved 1048576K
}
Event: 1851.658 GC heap before
{Heap before GC invocations=136 (full 7):
 PSYoungGen      total 62464K, used 52768K [0x00000000fab00000, 0x0000000100000000, 0x0000000100000000)
  eden space 37888K, 98% used [0x00000000fab00000,0x00000000fcf470f8,0x00000000fd000000)
  from space 24576K, 63% used [0x00000000fe800000,0x00000000ff741080,0x0000000100000000)
  to   space 24576K, 0% used [0x00000000fd000000,0x00000000fd000000,0x00000000fe800000)
 ParOldGen       total 121856K, used 54669K [0x00000000f0000000, 0x00000000f7700000, 0x00000000fab00000)
  object space 121856K, 44% used [0x00000000f0000000,0x00000000f35634f8,0x00000000f7700000)
 Metaspace       used 54074K, capacity 54561K, committed 55424K, reserved 1097728K
  class space    used 6795K, capacity 6914K, committed 7040K, reserved 1048576K
Event: 1851.659 GC heap after
Heap after GC invocations=136 (full 7):
 PSYoungGen      total 38400K, used 432K [0x00000000fab00000, 0x0000000100000000, 0x0000000100000000)
  eden space 37888K, 0% used [0x00000000fab00000,0x00000000fab00000,0x00000000fd000000)
  from space 512K, 84% used [0x00000000fd000000,0x00000000fd06c2a8,0x00000000fd080000)
  to   space 25600K, 0% used [0x00000000fe700000,0x00000000fe700000,0x0000000100000000)
 ParOldGen       total 121856K, used 54685K [0x00000000f0000000, 0x00000000f7700000, 0x00000000fab00000)
  object space 121856K, 44% used [0x00000000f0000000,0x00000000f35674f8,0x00000000f7700000)
 Metaspace       used 54074K, capacity 54561K, committed 55424K, reserved 1097728K
  class space    used 6795K, capacity 6914K, committed 7040K, reserved 1048576K
}
Event: 1852.114 GC heap before
{Heap before GC invocations=137 (full 7):
 PSYoungGen      total 38400K, used 38320K [0x00000000fab00000, 0x0000000100000000, 0x0000000100000000)
  eden space 37888K, 100% used [0x00000000fab00000,0x00000000fd000000,0x00000000fd000000)
  from space 512K, 84% used [0x00000000fd000000,0x00000000fd06c2a8,0x00000000fd080000)
  to   space 25600K, 0% used [0x00000000fe700000,0x00000000fe700000,0x0000000100000000)
 ParOldGen       total 121856K, used 54685K [0x00000000f0000000, 0x00000000f7700000, 0x00000000fab00000)
  object space 121856K, 44% used [0x00000000f0000000,0x00000000f35674f8,0x00000000f7700000)
 Metaspace       used 54074K, capacity 54561K, committed 55424K, reserved 1097728K
  class space    used 6795K, capacity 6914K, committed 7040K, reserved 1048576K
Event: 1852.122 GC heap after
Heap after GC invocations=137 (full 7):
 PSYoungGen      total 58368K, used 18758K [0x00000000fab00000, 0x0000000100000000, 0x0000000100000000)
  eden space 32768K, 0% used [0x00000000fab00000,0x00000000fab00000,0x00000000fcb00000)
  from space 25600K, 73% used [0x00000000fe700000,0x00000000ff951908,0x0000000100000000)
  to   space 27136K, 0% used [0x00000000fcb00000,0x00000000fcb00000,0x00000000fe580000)
 ParOldGen       total 121856K, used 54949K [0x00000000f0000000, 0x00000000f7700000, 0x00000000fab00000)
  object space 121856K, 45% used [0x00000000f0000000,0x00000000f35a97a0,0x00000000f7700000)
 Metaspace       used 54074K, capacity 54561K, committed 55424K, reserved 1097728K
  class space    used 6795K, capacity 6914K, committed 7040K, reserved 1048576K
}

